This is pdfTeX, Version 3.1415926-2.4-1.40.13 (MiKTeX 2.9) (preloaded format=pdflatex 2013.2.2)  21 APR 2013 22:55
entering extended mode
**main
(C:\Users\erwin\Desktop\Project\gb-doc\main.tex
LaTeX2e <2011/06/27>
Babel <v3.8m> and hyphenation patterns for english, afrikaans, ancientgreek, ar
abic, armenian, assamese, basque, bengali, bokmal, bulgarian, catalan, coptic, 
croatian, czech, danish, dutch, esperanto, estonian, farsi, finnish, french, ga
lician, german, german-x-2012-05-30, greek, gujarati, hindi, hungarian, iceland
ic, indonesian, interlingua, irish, italian, kannada, kurmanji, latin, latvian,
 lithuanian, malayalam, marathi, mongolian, mongolianlmc, monogreek, ngerman, n
german-x-2012-05-30, nynorsk, oriya, panjabi, pinyin, polish, portuguese, roman
ian, russian, sanskrit, serbian, slovak, slovenian, spanish, swedish, swissgerm
an, tamil, telugu, turkish, turkmen, ukenglish, ukrainian, uppersorbian, usengl
ishmax, welsh, loaded.
(C:\Users\erwin\Desktop\Project\gb-doc\sbthesis.cls
Document Class: sbthesis 2010/01/27 CSUSB Thesis Class
("C:\Program Files (x86)\MiKTeX 2.9\tex\latex\base\ifthen.sty"
Package: ifthen 2001/05/26 v1.1c Standard LaTeX ifthen package (DPC)
)
("C:\Program Files (x86)\MiKTeX 2.9\tex\latex\bigfoot\suffix.sty"
Package: suffix 2006/07/15 1.5 Variant command support
)
("C:\Program Files (x86)\MiKTeX 2.9\tex\latex\courier-scaled\couriers.sty"
Package: couriers 2004/07/10 Scaled Courier (HS) 

("C:\Program Files (x86)\MiKTeX 2.9\tex\latex\graphics\keyval.sty"
Package: keyval 1999/03/16 v1.13 key=value parser (DPC)
\KV@toks@=\toks14
))
("C:\Program Files (x86)\MiKTeX 2.9\tex\latex\geometry\geometry.sty"
Package: geometry 2010/09/12 v5.6 Page Geometry

("C:\Program Files (x86)\MiKTeX 2.9\tex\generic\oberdiek\ifpdf.sty"
Package: ifpdf 2011/01/30 v2.3 Provides the ifpdf switch (HO)
Package ifpdf Info: pdfTeX in PDF mode is detected.
)
("C:\Program Files (x86)\MiKTeX 2.9\tex\generic\oberdiek\ifvtex.sty"
Package: ifvtex 2010/03/01 v1.5 Detect VTeX and its facilities (HO)
Package ifvtex Info: VTeX not detected.
)
("C:\Program Files (x86)\MiKTeX 2.9\tex\generic\ifxetex\ifxetex.sty"
Package: ifxetex 2010/09/12 v0.6 Provides ifxetex conditional
)
\Gm@cnth=\count79
\Gm@cntv=\count80
\c@Gm@tempcnt=\count81
\Gm@bindingoffset=\dimen102
\Gm@wd@mp=\dimen103
\Gm@odd@mp=\dimen104
\Gm@even@mp=\dimen105
\Gm@layoutwidth=\dimen106
\Gm@layoutheight=\dimen107
\Gm@layouthoffset=\dimen108
\Gm@layoutvoffset=\dimen109
\Gm@dimlist=\toks15

("C:\Program Files (x86)\MiKTeX 2.9\tex\latex\geometry\geometry.cfg"))
("C:\Program Files (x86)\MiKTeX 2.9\tex\latex\fancyhdr\fancyhdr.sty"
\fancy@headwidth=\skip41
\f@ncyO@elh=\skip42
\f@ncyO@erh=\skip43
\f@ncyO@olh=\skip44
\f@ncyO@orh=\skip45
\f@ncyO@elf=\skip46
\f@ncyO@erf=\skip47
\f@ncyO@olf=\skip48
\f@ncyO@orf=\skip49
)
("C:\Program Files (x86)\MiKTeX 2.9\tex\latex\setspace\setspace.sty"
Package: setspace 2011/12/19 v6.7a set line spacing
)
("C:\Program Files (x86)\MiKTeX 2.9\tex\latex\thesis\thesis.cls"
Document Class: thesis 1996/25/01 1.0g LaTeX document class (wm).
\hours=\count82
\minutes=\count83
("C:\Program Files (x86)\MiKTeX 2.9\tex\latex\base\bk10.clo"
File: bk10.clo 2007/10/19 v1.4h Standard LaTeX file (size option)
)
\c@part=\count84
\c@chapter=\count85
\c@section=\count86
\c@subsection=\count87
\c@subsubsection=\count88
\c@paragraph=\count89
\c@subparagraph=\count90
\beforechaptervspace=\skip50
\afterchaptervspace=\skip51
\exampleindent=\skip52
\c@figure=\count91
\c@table=\count92
\abovecaptionskip=\skip53
\belowcaptionskip=\skip54
\bibindent=\dimen110
)
***************************************************************
** California State University, San Bernardino Thesis Class **
** Written by Keith Evan Schubert **
** Associate Professor **
** Department of Computer Science and Engineering **
***************************************************************
) ("C:\Program Files (x86)\MiKTeX 2.9\tex\latex\graphics\graphicx.sty"
Package: graphicx 1999/02/16 v1.0f Enhanced LaTeX Graphics (DPC,SPQR)

("C:\Program Files (x86)\MiKTeX 2.9\tex\latex\graphics\graphics.sty"
Package: graphics 2009/02/05 v1.0o Standard LaTeX Graphics (DPC,SPQR)

("C:\Program Files (x86)\MiKTeX 2.9\tex\latex\graphics\trig.sty"
Package: trig 1999/03/16 v1.09 sin cos tan (DPC)
)
("C:\Program Files (x86)\MiKTeX 2.9\tex\latex\00miktex\graphics.cfg"
File: graphics.cfg 2007/01/18 v1.5 graphics configuration of teTeX/TeXLive
)
Package graphics Info: Driver file: pdftex.def on input line 91.

("C:\Program Files (x86)\MiKTeX 2.9\tex\latex\pdftex-def\pdftex.def"
File: pdftex.def 2011/05/27 v0.06d Graphics/color for pdfTeX

("C:\Program Files (x86)\MiKTeX 2.9\tex\generic\oberdiek\infwarerr.sty"
Package: infwarerr 2010/04/08 v1.3 Providing info/warning/error messages (HO)
)
("C:\Program Files (x86)\MiKTeX 2.9\tex\generic\oberdiek\ltxcmds.sty"
Package: ltxcmds 2011/11/09 v1.22 LaTeX kernel commands for general use (HO)
)
\Gread@gobject=\count93
))
\Gin@req@height=\dimen111
\Gin@req@width=\dimen112
)
("C:\Program Files (x86)\MiKTeX 2.9\tex\latex\tools\verbatim.sty"
Package: verbatim 2003/08/22 v1.5q LaTeX2e package for verbatim enhancements
\every@verbatim=\toks16
\verbatim@line=\toks17
\verbatim@in@stream=\read1
)
("C:\Program Files (x86)\MiKTeX 2.9\tex\latex\base\textcomp.sty"
Package: textcomp 2005/09/27 v1.99g Standard LaTeX package
Package textcomp Info: Sub-encoding information:
(textcomp)               5 = only ISO-Adobe without \textcurrency
(textcomp)               4 = 5 + \texteuro
(textcomp)               3 = 4 + \textohm
(textcomp)               2 = 3 + \textestimated + \textcurrency
(textcomp)               1 = TS1 - \textcircled - \t
(textcomp)               0 = TS1 (full)
(textcomp)             Font families with sub-encoding setting implement
(textcomp)             only a restricted character set as indicated.
(textcomp)             Family '?' is the default used for unknown fonts.
(textcomp)             See the documentation for details.
Package textcomp Info: Setting ? sub-encoding to TS1/1 on input line 71.

("C:\Program Files (x86)\MiKTeX 2.9\tex\latex\base\ts1enc.def"
File: ts1enc.def 2001/06/05 v3.0e (jk/car/fm) Standard LaTeX file
)
LaTeX Info: Redefining \oldstylenums on input line 266.
Package textcomp Info: Setting cmr sub-encoding to TS1/0 on input line 281.
Package textcomp Info: Setting cmss sub-encoding to TS1/0 on input line 282.
Package textcomp Info: Setting cmtt sub-encoding to TS1/0 on input line 283.
Package textcomp Info: Setting cmvtt sub-encoding to TS1/0 on input line 284.
Package textcomp Info: Setting cmbr sub-encoding to TS1/0 on input line 285.
Package textcomp Info: Setting cmtl sub-encoding to TS1/0 on input line 286.
Package textcomp Info: Setting ccr sub-encoding to TS1/0 on input line 287.
Package textcomp Info: Setting ptm sub-encoding to TS1/4 on input line 288.
Package textcomp Info: Setting pcr sub-encoding to TS1/4 on input line 289.
Package textcomp Info: Setting phv sub-encoding to TS1/4 on input line 290.
Package textcomp Info: Setting ppl sub-encoding to TS1/3 on input line 291.
Package textcomp Info: Setting pag sub-encoding to TS1/4 on input line 292.
Package textcomp Info: Setting pbk sub-encoding to TS1/4 on input line 293.
Package textcomp Info: Setting pnc sub-encoding to TS1/4 on input line 294.
Package textcomp Info: Setting pzc sub-encoding to TS1/4 on input line 295.
Package textcomp Info: Setting bch sub-encoding to TS1/4 on input line 296.
Package textcomp Info: Setting put sub-encoding to TS1/5 on input line 297.
Package textcomp Info: Setting uag sub-encoding to TS1/5 on input line 298.
Package textcomp Info: Setting ugq sub-encoding to TS1/5 on input line 299.
Package textcomp Info: Setting ul8 sub-encoding to TS1/4 on input line 300.
Package textcomp Info: Setting ul9 sub-encoding to TS1/4 on input line 301.
Package textcomp Info: Setting augie sub-encoding to TS1/5 on input line 302.
Package textcomp Info: Setting dayrom sub-encoding to TS1/3 on input line 303.
Package textcomp Info: Setting dayroms sub-encoding to TS1/3 on input line 304.

Package textcomp Info: Setting pxr sub-encoding to TS1/0 on input line 305.
Package textcomp Info: Setting pxss sub-encoding to TS1/0 on input line 306.
Package textcomp Info: Setting pxtt sub-encoding to TS1/0 on input line 307.
Package textcomp Info: Setting txr sub-encoding to TS1/0 on input line 308.
Package textcomp Info: Setting txss sub-encoding to TS1/0 on input line 309.
Package textcomp Info: Setting txtt sub-encoding to TS1/0 on input line 310.
Package textcomp Info: Setting lmr sub-encoding to TS1/0 on input line 311.
Package textcomp Info: Setting lmdh sub-encoding to TS1/0 on input line 312.
Package textcomp Info: Setting lmss sub-encoding to TS1/0 on input line 313.
Package textcomp Info: Setting lmssq sub-encoding to TS1/0 on input line 314.
Package textcomp Info: Setting lmvtt sub-encoding to TS1/0 on input line 315.
Package textcomp Info: Setting qhv sub-encoding to TS1/0 on input line 316.
Package textcomp Info: Setting qag sub-encoding to TS1/0 on input line 317.
Package textcomp Info: Setting qbk sub-encoding to TS1/0 on input line 318.
Package textcomp Info: Setting qcr sub-encoding to TS1/0 on input line 319.
Package textcomp Info: Setting qcs sub-encoding to TS1/0 on input line 320.
Package textcomp Info: Setting qpl sub-encoding to TS1/0 on input line 321.
Package textcomp Info: Setting qtm sub-encoding to TS1/0 on input line 322.
Package textcomp Info: Setting qzc sub-encoding to TS1/0 on input line 323.
Package textcomp Info: Setting qhvc sub-encoding to TS1/0 on input line 324.
Package textcomp Info: Setting futs sub-encoding to TS1/4 on input line 325.
Package textcomp Info: Setting futx sub-encoding to TS1/4 on input line 326.
Package textcomp Info: Setting futj sub-encoding to TS1/4 on input line 327.
Package textcomp Info: Setting hlh sub-encoding to TS1/3 on input line 328.
Package textcomp Info: Setting hls sub-encoding to TS1/3 on input line 329.
Package textcomp Info: Setting hlst sub-encoding to TS1/3 on input line 330.
Package textcomp Info: Setting hlct sub-encoding to TS1/5 on input line 331.
Package textcomp Info: Setting hlx sub-encoding to TS1/5 on input line 332.
Package textcomp Info: Setting hlce sub-encoding to TS1/5 on input line 333.
Package textcomp Info: Setting hlcn sub-encoding to TS1/5 on input line 334.
Package textcomp Info: Setting hlcw sub-encoding to TS1/5 on input line 335.
Package textcomp Info: Setting hlcf sub-encoding to TS1/5 on input line 336.
Package textcomp Info: Setting pplx sub-encoding to TS1/3 on input line 337.
Package textcomp Info: Setting pplj sub-encoding to TS1/3 on input line 338.
Package textcomp Info: Setting ptmx sub-encoding to TS1/4 on input line 339.
Package textcomp Info: Setting ptmj sub-encoding to TS1/4 on input line 340.
)
("C:\Program Files (x86)\MiKTeX 2.9\tex\latex\float\float.sty"
Package: float 2001/11/08 v1.3d Float enhancements (AL)
\c@float@type=\count94
\float@exts=\toks18
\float@box=\box26
\@float@everytoks=\toks19
\@floatcapt=\box27
)
("C:\Program Files (x86)\MiKTeX 2.9\tex\latex\ltxmisc\url.sty"
\Urlmuskip=\muskip10
Package: url 2006/04/12  ver 3.3  Verb mode for urls, etc.
)
("C:\Program Files (x86)\MiKTeX 2.9\tex\latex\regexpatch\regexpatch.sty"
("C:\Program Files (x86)\MiKTeX 2.9\tex\latex\l3kernel\expl3.sty"
("C:\Program Files (x86)\MiKTeX 2.9\tex\latex\l3kernel\l3names.sty"
("C:\Program Files (x86)\MiKTeX 2.9\tex\latex\l3kernel\l3bootstrap.sty"
Package: l3bootstrap 2013/01/08 v4420 L3 Experimental bootstrap code
)
Package: l3names 2012/12/07 v4346 L3 Namespace for primitives
)
("C:\Program Files (x86)\MiKTeX 2.9\tex\latex\misc\etex.sty"
Package: etex 1998/03/26 v2.0 eTeX basic definition package (PEB)
\et@xins=\count95
)
Package: expl3 2013/03/14 v4469 L3 Experimental code bundle wrapper

("C:\Program Files (x86)\MiKTeX 2.9\tex\latex\l3kernel\l3basics.sty"
Package: l3basics 2013/01/10 v4428 L3 Basic definitions
)
("C:\Program Files (x86)\MiKTeX 2.9\tex\latex\l3kernel\l3expan.sty"
Package: l3expan 2013/02/03 v4458 L3 Argument expansion
)
("C:\Program Files (x86)\MiKTeX 2.9\tex\latex\l3kernel\l3tl.sty"
Package: l3tl 2013/01/08 v4415 L3 Token lists
)
("C:\Program Files (x86)\MiKTeX 2.9\tex\latex\l3kernel\l3seq.sty"
Package: l3seq 2013/01/12 v4434 L3 Sequences and stacks
)
("C:\Program Files (x86)\MiKTeX 2.9\tex\latex\l3kernel\l3int.sty"
Package: l3int 2013/01/13 v4444 L3 Integers
\c_max_int=\count96
\l_tmpa_int=\count97
\l_tmpb_int=\count98
\g_tmpa_int=\count99
\g_tmpb_int=\count100
)
("C:\Program Files (x86)\MiKTeX 2.9\tex\latex\l3kernel\l3quark.sty"
Package: l3quark 2012/11/04 v4268 L3 Quarks
)
("C:\Program Files (x86)\MiKTeX 2.9\tex\latex\l3kernel\l3prg.sty"
Package: l3prg 2013/02/13 v4459 L3 Control structures
\g__prg_map_int=\count101
)
("C:\Program Files (x86)\MiKTeX 2.9\tex\latex\l3kernel\l3clist.sty"
Package: l3clist 2013/01/08 v4414 L3 Comma separated lists
)
("C:\Program Files (x86)\MiKTeX 2.9\tex\latex\l3kernel\l3token.sty"
Package: l3token 2013/01/10 v4428 L3 Experimental token manipulation
)
("C:\Program Files (x86)\MiKTeX 2.9\tex\latex\l3kernel\l3prop.sty"
Package: l3prop 2013/01/09 v4423 L3 Property lists
)
("C:\Program Files (x86)\MiKTeX 2.9\tex\latex\l3kernel\l3msg.sty"
Package: l3msg 2013/01/08 v4412 L3 Messages
)
("C:\Program Files (x86)\MiKTeX 2.9\tex\latex\l3kernel\l3file.sty"
Package: l3file 2013/01/14 v4446 L3 File and I/O operations
\l_iow_line_count_int=\count102
\l__iow_target_count_int=\count103
\l__iow_current_line_int=\count104
\l__iow_current_word_int=\count105
\l__iow_current_indentation_int=\count106
)
("C:\Program Files (x86)\MiKTeX 2.9\tex\latex\l3kernel\l3skip.sty"
Package: l3skip 2013/01/13 v4444 L3 Dimensions and skips
\c_zero_dim=\dimen113
\c_max_dim=\dimen114
\l_tmpa_dim=\dimen115
\l_tmpb_dim=\dimen116
\g_tmpa_dim=\dimen117
\g_tmpb_dim=\dimen118
\c_zero_skip=\skip55
\c_max_skip=\skip56
\l_tmpa_skip=\skip57
\l_tmpb_skip=\skip58
\g_tmpa_skip=\skip59
\g_tmpb_skip=\skip60
\c_zero_muskip=\muskip11
\c_max_muskip=\muskip12
\l_tmpa_muskip=\muskip13
\l_tmpb_muskip=\muskip14
\g_tmpa_muskip=\muskip15
\g_tmpb_muskip=\muskip16
)
("C:\Program Files (x86)\MiKTeX 2.9\tex\latex\l3kernel\l3keys.sty"
Package: l3keys 2013/02/24 v4461 L3 Experimental key-value interfaces
\g__keyval_level_int=\count107
\l_keys_choice_int=\count108
)
("C:\Program Files (x86)\MiKTeX 2.9\tex\latex\l3kernel\l3fp.sty"
Package: l3fp 2013/01/19 v4449 L3 Floating points
\c__fp_leading_shift_int=\count109
\c__fp_middle_shift_int=\count110
\c__fp_trailing_shift_int=\count111
\c__fp_big_leading_shift_int=\count112
\c__fp_big_middle_shift_int=\count113
\c__fp_big_trailing_shift_int=\count114
\c__fp_Bigg_leading_shift_int=\count115
\c__fp_Bigg_middle_shift_int=\count116
\c__fp_Bigg_trailing_shift_int=\count117
)
("C:\Program Files (x86)\MiKTeX 2.9\tex\latex\l3kernel\l3box.sty"
Package: l3box 2013/01/08 v4411 L3 Experimental boxes
\c_empty_box=\box28
\l_tmpa_box=\box29
\l_tmpb_box=\box30
\g_tmpa_box=\box31
\g_tmpb_box=\box32
)
("C:\Program Files (x86)\MiKTeX 2.9\tex\latex\l3kernel\l3coffins.sty"
Package: l3coffins 2012/09/09 v4212 L3 Coffin code layer
\l__coffin_internal_box=\box33
\l__coffin_internal_dim=\dimen119
\l__coffin_offset_x_dim=\dimen120
\l__coffin_offset_y_dim=\dimen121
\l__coffin_x_dim=\dimen122
\l__coffin_y_dim=\dimen123
\l__coffin_x_prime_dim=\dimen124
\l__coffin_y_prime_dim=\dimen125
\c_empty_coffin=\box34
\l__coffin_aligned_coffin=\box35
\l__coffin_aligned_internal_coffin=\box36
\l_tmpa_coffin=\box37
\l_tmpb_coffin=\box38
\l__coffin_display_coffin=\box39
\l__coffin_display_coord_coffin=\box40
\l__coffin_display_pole_coffin=\box41
\l__coffin_display_offset_dim=\dimen126
\l__coffin_display_x_dim=\dimen127
\l__coffin_display_y_dim=\dimen128
)
("C:\Program Files (x86)\MiKTeX 2.9\tex\latex\l3kernel\l3color.sty"
Package: l3color 2012/08/29 v4156 L3 Experimental color support
)
("C:\Program Files (x86)\MiKTeX 2.9\tex\latex\l3kernel\l3luatex.sty"
Package: l3luatex 2012/08/03 v4049 L3 Experimental LuaTeX-specific functions
\g__cctab_allocate_int=\count118
\g__cctab_stack_int=\count119
)
("C:\Program Files (x86)\MiKTeX 2.9\tex\latex\l3kernel\l3candidates.sty"
Package: l3candidates 2013/03/14 v4468 L3 Experimental additions to l3kernel
\l__box_top_dim=\dimen129
\l__box_bottom_dim=\dimen130
\l__box_left_dim=\dimen131
\l__box_right_dim=\dimen132
\l__box_top_new_dim=\dimen133
\l__box_bottom_new_dim=\dimen134
\l__box_left_new_dim=\dimen135
\l__box_right_new_dim=\dimen136
\l__box_internal_box=\box42
\l__coffin_bounding_shift_dim=\dimen137
\l__coffin_left_corner_dim=\dimen138
\l__coffin_right_corner_dim=\dimen139
\l__coffin_bottom_corner_dim=\dimen140
\l__coffin_top_corner_dim=\dimen141
\l__coffin_scaled_total_height_dim=\dimen142
\l__coffin_scaled_width_dim=\dimen143
))
Package: regexpatch 2012/07/24 v0.1b Extending etoolbox patching commands

("C:\Program Files (x86)\MiKTeX 2.9\tex\latex\l3packages\xparse\xparse.sty"
Package: xparse 2013/03/12 v4467 L3 Experimental document command parser
\l__xparse_current_arg_int=\count120
\l__xparse_m_args_int=\count121
\l__xparse_mandatory_args_int=\count122
\l__xparse_processor_int=\count123
\l__xparse_v_nesting_int=\count124
)
("C:\Program Files (x86)\MiKTeX 2.9\tex\latex\l3experimental\l3str\l3regex.sty"
Package: l3regex 2013/01/22 v4455 L3 Experimental regular expressions

("C:\Program Files (x86)\MiKTeX 2.9\tex\latex\l3experimental\l3str\l3tl-build.s
ty"
Package: l3tl-build 2011/12/08 v3039 L3 Experimental token list construction
\l__tl_build_start_index_int=\count125
\l__tl_build_index_int=\count126
)
("C:\Program Files (x86)\MiKTeX 2.9\tex\latex\l3experimental\l3str\l3tl-analysi
s.sty"
Package: l3tl-analysis 2011/12/08 v3039 L3 Experimental token lists analysis

("C:\Program Files (x86)\MiKTeX 2.9\tex\latex\l3experimental\l3str\l3str.sty"
Package: l3str 2013/01/20 v4452 L3 Experimental strings
)
\l__tl_analysis_normal_int=\count127
\l__tl_analysis_index_int=\count128
\l__tl_analysis_nesting_int=\count129
\l__tl_analysis_type_int=\count130
) ("C:\Program Files (x86)\MiKTeX 2.9\tex\latex\l3experimental\l3str\l3flag.sty
"
Package: l3flag 2011/12/08 v3039 L3 Experimental flags
)
("C:\Program Files (x86)\MiKTeX 2.9\tex\latex\l3experimental\l3str\l3str-conver
t.sty"
Package: l3str-convert 2013/01/08 v4339 L3 Experimental string encoding convers
ions
\l__str_internal_int=\count131
\c__str_replacement_char_int=\count132
)
\l__regex_internal_a_int=\count133
\l__regex_internal_b_int=\count134
\l__regex_internal_c_int=\count135
\l__regex_balance_int=\count136
\l__regex_group_level_int=\count137
\l__regex_mode_int=\count138
\l__regex_catcodes_int=\count139
\l__regex_default_catcodes_int=\count140
\c__regex_catcode_D_int=\count141
\c__regex_catcode_S_int=\count142
\c__regex_catcode_L_int=\count143
\c__regex_catcode_O_int=\count144
\c__regex_catcode_A_int=\count145
\c__regex_all_catcodes_int=\count146
\l__regex_show_lines_int=\count147
\l__regex_min_state_int=\count148
\l__regex_max_state_int=\count149
\l__regex_left_state_int=\count150
\l__regex_right_state_int=\count151
\l__regex_capturing_group_int=\count152
\l__regex_min_pos_int=\count153
\l__regex_max_pos_int=\count154
\l__regex_current_pos_int=\count155
\l__regex_start_pos_int=\count156
\l__regex_success_pos_int=\count157
\l__regex_current_char_int=\count158
\l__regex_current_catcode_int=\count159
\l__regex_last_char_int=\count160
\l__regex_case_changed_char_int=\count161
\l__regex_current_state_int=\count162
\l__regex_step_int=\count163
\l__regex_min_active_int=\count164
\l__regex_max_active_int=\count165
\l__regex_replacement_csnames_int=\count166
\l__regex_match_count_int=\count167
\l__regex_submatch_int=\count168
\l__regex_zeroth_submatch_int=\count169
)
.................................................
. LaTeX info: "xparse/define-command"
. 
. Defining document command \xshowcmd with arg. spec. 'sm' on line 364.
.................................................
.................................................
. LaTeX info: "xparse/define-command"
. 
. Defining document command \xpretocmd with arg. spec. '' on line 366.
.................................................
.................................................
. LaTeX info: "xparse/define-command"
. 
. Defining document command \xapptocmd with arg. spec. '' on line 368.
.................................................
.................................................
. LaTeX info: "xparse/define-command"
. 
. Defining document command \regexpatchcmd with arg. spec. 's' on line 374.
.................................................
.................................................
. LaTeX info: "xparse/define-command"
. 
. Defining document command \xpatchcmd with arg. spec. 's' on line 380.
.................................................
.................................................
. LaTeX info: "xparse/define-command"
. 
. Defining document command \xshowbibmacro with arg. spec. 'sm' on line 394.
.................................................
.................................................
. LaTeX info: "xparse/define-command"
. 
. Defining document command \xpretobibmacro with arg. spec. 'm' on line 399.
.................................................
.................................................
. LaTeX info: "xparse/define-command"
. 
. Defining document command \xapptobibmacro with arg. spec. 'm' on line 404.
.................................................
.................................................
. LaTeX info: "xparse/define-command"
. 
. Defining document command \xpatchbibmacro with arg. spec. 'sm' on line 416.
.................................................
.................................................
. LaTeX info: "xparse/define-command"
. 
. Defining document command \regexpatchbibmacro with arg. spec. 'sm' on line
. 428.
.................................................
.................................................
. LaTeX info: "xparse/define-command"
. 
. Defining document command \xshowbibdriver with arg. spec. 'sm' on line 441.
.................................................
.................................................
. LaTeX info: "xparse/define-command"
. 
. Defining document command \xpretobibdriver with arg. spec. 'm' on line 443.
.................................................
.................................................
. LaTeX info: "xparse/define-command"
. 
. Defining document command \xapptobibdriver with arg. spec. 'm' on line 445.
.................................................
.................................................
. LaTeX info: "xparse/define-command"
. 
. Defining document command \xpatchbibdriver with arg. spec. 'sm' on line 451.
.................................................
.................................................
. LaTeX info: "xparse/define-command"
. 
. Defining document command \regexpatchbibdriver with arg. spec. 'sm' on line
. 457.
.................................................
.................................................
. LaTeX info: "xparse/define-command"
. 
. Defining document command \checkpatchable with arg. spec. 'm' on line 464.
.................................................
.................................................
. LaTeX info: "xparse/define-command"
. 
. Defining document command \xpatchoptarg with arg. spec. 'mm' on line 493.
.................................................
.................................................
. LaTeX info: "xparse/define-command"
. 
. Defining document command \tracingxpatches with arg. spec. 'O{1}' on line
. 499.
.................................................
.................................................
. LaTeX info: "xparse/define-command"
. 
. Defining document command \xpatchparametertext with arg. spec. 'mmmmm' on
. line 512.
.................................................
) ("C:\Program Files (x86)\MiKTeX 2.9\tex\latex\appendix\APPENDIX.sty"

LaTeX Warning: You have requested package `APPENDIX',
               but the package provides `appendix'.

Package: appendix 2009/09/02 v1.2b extra appendix facilities
\c@@pps=\count170
\c@@ppsavesec=\count171
\c@@ppsaveapp=\count172
) ("C:\Program Files (x86)\MiKTeX 2.9\tex\latex\listings\listings.sty"
\lst@mode=\count173
\lst@gtempboxa=\box43
\lst@token=\toks20
\lst@length=\count174
\lst@currlwidth=\dimen144
\lst@column=\count175
\lst@pos=\count176
\lst@lostspace=\dimen145
\lst@width=\dimen146
\lst@newlines=\count177
\lst@lineno=\count178
\lst@maxwidth=\dimen147

("C:\Program Files (x86)\MiKTeX 2.9\tex\latex\listings\lstmisc.sty"
File: lstmisc.sty 2007/02/22 1.4 (Carsten Heinz)
\c@lstnumber=\count179
\lst@skipnumbers=\count180
\lst@framebox=\box44
)
("C:\Program Files (x86)\MiKTeX 2.9\tex\latex\listings\listings.cfg"
File: listings.cfg 2007/02/22 1.4 listings configuration
))
Package: listings 2007/02/22 1.4 (Carsten Heinz)

(C:\Users\erwin\Desktop\Project\gb-doc\main.aux)
LaTeX Font Info:    Checking defaults for OML/cmm/m/it on input line 62.
LaTeX Font Info:    ... okay on input line 62.
LaTeX Font Info:    Checking defaults for T1/cmr/m/n on input line 62.
LaTeX Font Info:    ... okay on input line 62.
LaTeX Font Info:    Checking defaults for OT1/cmr/m/n on input line 62.
LaTeX Font Info:    ... okay on input line 62.
LaTeX Font Info:    Checking defaults for OMS/cmsy/m/n on input line 62.
LaTeX Font Info:    ... okay on input line 62.
LaTeX Font Info:    Checking defaults for OMX/cmex/m/n on input line 62.
LaTeX Font Info:    ... okay on input line 62.
LaTeX Font Info:    Checking defaults for U/cmr/m/n on input line 62.
LaTeX Font Info:    ... okay on input line 62.
LaTeX Font Info:    Checking defaults for TS1/cmr/m/n on input line 62.
LaTeX Font Info:    Try loading font information for TS1+cmr on input line 62.

("C:\Program Files (x86)\MiKTeX 2.9\tex\latex\base\ts1cmr.fd"
File: ts1cmr.fd 1999/05/25 v2.5h Standard LaTeX font definitions
)
LaTeX Font Info:    ... okay on input line 62.

*geometry* driver: auto-detecting
*geometry* detected driver: pdftex
*geometry* verbose mode - [ preamble ] result:
* driver: pdftex
* paper: custom
* layout: <same size as paper>
* layoutoffset:(h,v)=(0.0pt,0.0pt)
* modes: 
* h-part:(L,W,R)=(108.405pt, 433.62001pt, 72.26999pt)
* v-part:(T,H,B)=(90.3375pt, 614.295pt, 90.3375pt)
* \paperwidth=614.295pt
* \paperheight=794.96999pt
* \textwidth=433.62001pt
* \textheight=614.295pt
* \oddsidemargin=36.13501pt
* \evensidemargin=36.13501pt
* \topmargin=-11.99998pt
* \headheight=12.0pt
* \headsep=18.06749pt
* \topskip=10.0pt
* \footskip=36.135pt
* \marginparwidth=69.0pt
* \marginparsep=7.0pt
* \columnsep=10.0pt
* \skip\footins=9.0pt plus 4.0pt minus 2.0pt
* \hoffset=0.0pt
* \voffset=0.0pt
* \mag=1000
* \@twocolumnfalse
* \@twosidefalse
* \@mparswitchfalse
* \@reversemarginfalse
* (1in=72.27pt=25.4mm, 1cm=28.453pt)

("C:\Program Files (x86)\MiKTeX 2.9\tex\context\base\supp-pdf.mkii"
[Loading MPS to PDF converter (version 2006.09.02).]
\scratchcounter=\count181
\scratchdimen=\dimen148
\scratchbox=\box45
\nofMPsegments=\count182
\nofMParguments=\count183
\everyMPshowfont=\toks21
\MPscratchCnt=\count184
\MPscratchDim=\dimen149
\MPnumerator=\count185
\makeMPintoPDFobject=\count186
\everyMPtoPDFconversion=\toks22
)
\c@lstlisting=\count187
 [1


]
LaTeX Font Info:    Try loading font information for OT1+pcrs on input line 63.

 ("C:\Program Files (x86)\MiKTeX 2.9\tex\latex\courier-scaled\ot1pcrs.fd"
File: ot1pcrs.fd 2004/07/09 font definitions for OT1/pcrs.
) [2

{C:/ProgramData/MiKTeX/2.9/pdftex/config/pdftex.map}]
LaTeX Font Info:    External font `cmex10' loaded for size
(Font)              <12> on input line 63.
LaTeX Font Info:    External font `cmex10' loaded for size
(Font)              <8> on input line 63.
LaTeX Font Info:    External font `cmex10' loaded for size
(Font)              <6> on input line 63.

Underfull \hbox (badness 10000) in paragraph at lines 63--63
[]\OT1/pcrs/m/n/12 David Turner, Chair, Computer Science and
 []

[3

] [4

] [3

] [4

] (C:\Users\erwin\Desktop\Project\gb-doc\main.toc [5

] [6]
[7])
\tf@toc=\write3
 [8] (C:\Users\erwin\Desktop\Project\gb-doc\main.lot)
\tf@lot=\write4
 [9


]
(C:\Users\erwin\Desktop\Project\gb-doc\main.lof)
\tf@lof=\write5
 [10


]
(C:\Users\erwin\Desktop\Project\gb-doc\introduction.tex
Chapter 1.

Overfull \hbox (2.10463pt too wide) in paragraph at lines 7--8
\OT1/cmr/m/n/12 pli-ca-tions, busi-nesses rent servers and var-i-ous ser-vices 
from cloud com-put-ing providers.
 []


Overfull \hbox (4.5639pt too wide) in paragraph at lines 11--12
\OT1/cmr/m/n/12 scal-able sys-tems that power Google ap-pli-ca-tions. Google Ap
p En-gine sup-ports Python,
 []

[1


]
Overfull \hbox (3.15756pt too wide) in paragraph at lines 15--16
[]\OT1/cmr/m/n/12 In this project, Heroku is used as a cloud ap-pli-ca-tion pla
t-form for run-ning Javascript
 []


Overfull \hbox (5.15059pt too wide) in paragraph at lines 17--18
[]\OT1/cmr/m/n/12 Among all the pro-gram-ming lan-guage ex-e-cu-tion en-vi-ron-
ments sup-ported by Heroku,
 []

[2] [3] [4] [5]

LaTeX Warning: Citation `cloudcomputing' on page 6 undefined on input line 73.

[6]) (C:\Users\erwin\Desktop\Project\gb-doc\requirements.tex [7]
Chapter 2.
<images/UseCase.png, id=70, 396.7623pt x 247.8861pt>
File: images/UseCase.png Graphic file (type png)
 <use images/UseCase.png>
Package pdftex.def Info: images/UseCase.png used on input line 24.
(pdftex.def)             Requested size: 469.76767pt x 274.63483pt.

Overfull \hbox (36.14766pt too wide) in paragraph at lines 24--25
 [] 
 []

[8

] [9 <C:/Users/erwin/Desktop/Project/gb-doc/images/UseCase.png>])
(C:\Users\erwin\Desktop\Project\gb-doc\architecture.tex [10] [11]
Chapter 3.
<images/deployment.png, id=87, 733.23938pt x 747.54282pt>
File: images/deployment.png Graphic file (type png)

<use images/deployment.png>
Package pdftex.def Info: images/deployment.png used on input line 13.
(pdftex.def)             Requested size: 469.76389pt x 346.8966pt.

Overfull \hbox (36.14388pt too wide) in paragraph at lines 13--14
 [] 
 []

[12

] [13 <C:/Users/erwin/Desktop/Project/gb-doc/images/deployment.png>]
<images/systemIntegration.png, id=96, 432.11438pt x 411.78844pt>
File: images/systemIntegration.png Graphic file (type png)

<use images/systemIntegration.png>
Package pdftex.def Info: images/systemIntegration.png used on input line 30.
(pdftex.def)             Requested size: 469.77553pt x 274.62756pt.

Overfull \hbox (36.15552pt too wide) in paragraph at lines 30--31
 [] 
 []

[14 <C:/Users/erwin/Desktop/Project/gb-doc/images/systemIntegration.png>]
[15]
LaTeX Font Info:    Try loading font information for OML+cmr on input line 84.
 ("C:\Program Files (x86)\MiKTeX 2.9\tex\latex\base\omlcmr.fd"
File: omlcmr.fd 1999/05/25 v2.5h Standard LaTeX font definitions
)
LaTeX Font Info:    Font shape `OML/cmr/m/n' in size <12> not available
(Font)              Font shape `OML/cmm/m/it' tried instead on input line 84.
)
(C:\Users\erwin\Desktop\Project\gb-doc\system_design.tex [16]
Chapter 4.
[17

]
LaTeX Font Info:    Try loading font information for OMS+cmr on input line 27.
 ("C:\Program Files (x86)\MiKTeX 2.9\tex\latex\base\omscmr.fd"
File: omscmr.fd 1999/05/25 v2.5h Standard LaTeX font definitions
)
LaTeX Font Info:    Font shape `OMS/cmr/m/n' in size <12> not available
(Font)              Font shape `OMS/cmsy/m/n' tried instead on input line 27.
 [18]
[19] [20] [21] [22] [23] [24] [25] [26] [27] [28] [29] [30] [31]
Overfull \hbox (97.8304pt too wide) in paragraph at lines 363--364
\OT1/cmr/m/n/12 There will be one Nodejs mod-ule to rep-re-sent the mon-goDB co
l-lec-tion, named model[](collection[]name).js.
 []


Overfull \hbox (27.79352pt too wide) in paragraph at lines 363--364
\OT1/cmr/m/n/12 And many-to-many re-la-tion-ships are rep-re-sented by link-ing
 doc-u-ments, named (a)[](b)[]links 
 []

[32] [33] [34] [35] [36] [37] [38] [39] [40])
(C:\Users\erwin\Desktop\Project\gb-doc\database_design.tex [41]
Chapter 5.
[42

] [43] [44] [45] [46])
(C:\Users\erwin\Desktop\Project\gb-doc\userinterface_design.tex [47]
Chapter 6.
[48

] <images/loading-screen.jpg, id=209, 570.63188pt x 149.8097pt>
File: images/loading-screen.jpg Graphic file (type jpg)

<use images/loading-screen.jpg>
Package pdftex.def Info: images/loading-screen.jpg used on input line 12.
(pdftex.def)             Requested size: 469.75838pt x 274.67706pt.

Overfull \hbox (36.13837pt too wide) in paragraph at lines 12--13
 [] 
 []

[49 <C:/Users/erwin/Desktop/Project/gb-doc/images/loading-screen.jpg>]
<images/facebook-login.jpg, id=215, 755.07094pt x 181.42781pt>
File: images/facebook-login.jpg Graphic file (type jpg)

<use images/facebook-login.jpg>
Package pdftex.def Info: images/facebook-login.jpg used on input line 25.
(pdftex.def)             Requested size: 469.75215pt x 238.49715pt.

Overfull \hbox (36.13214pt too wide) in paragraph at lines 25--26
 [] 
 []

<images/facebook-login1.jpg, id=216, 347.79938pt x 252.945pt>
File: images/facebook-login1.jpg Graphic file (type jpg)

<use images/facebook-login1.jpg>
Package pdftex.def Info: images/facebook-login1.jpg used on input line 34.
(pdftex.def)             Requested size: 252.94148pt x 274.6316pt.
 [50 <C:/Users/erwin/Desktop/Project/gb-doc/images/facebook-login.jpg>] [51 <C:
/Users/erwin/Desktop/Project/gb-doc/images/facebook-login1.jpg>] <images/group-
page1.png, id=224, 602.25pt x 204.01219pt>
File: images/group-page1.png Graphic file (type png)

<use images/group-page1.png>
Package pdftex.def Info: images/group-page1.png used on input line 47.
(pdftex.def)             Requested size: 469.77148pt x 224.04988pt.

Overfull \hbox (36.15147pt too wide) in paragraph at lines 47--48
 [] 
 []

[52 <C:/Users/erwin/Desktop/Project/gb-doc/images/group-page1.png>]
<images/add-new-group.png, id=229, 761.84625pt x 269.50688pt>
File: images/add-new-group.png Graphic file (type png)

<use images/add-new-group.png>
Package pdftex.def Info: images/add-new-group.png used on input line 60.
(pdftex.def)             Requested size: 469.74745pt x 224.04019pt.

Overfull \hbox (36.12744pt too wide) in paragraph at lines 60--61
 [] 
 []

[53 <C:/Users/erwin/Desktop/Project/gb-doc/images/add-new-group.png>]
<images/group-page2.png, id=234, 963.6pt x 479.54156pt>
File: images/group-page2.png Graphic file (type png)

<use images/group-page2.png>
Package pdftex.def Info: images/group-page2.png used on input line 73.
(pdftex.def)             Requested size: 469.75679pt x 440.85431pt.

Overfull \hbox (36.13678pt too wide) in paragraph at lines 73--74
 [] 
 []

[54 <C:/Users/erwin/Desktop/Project/gb-doc/images/group-page2.png>]
<images/badge-page.png, id=239, 957.5775pt x 450.18187pt>
File: images/badge-page.png Graphic file (type png)

<use images/badge-page.png>
Package pdftex.def Info: images/badge-page.png used on input line 86.
(pdftex.def)             Requested size: 469.7577pt x 368.59511pt.

Overfull \hbox (36.1377pt too wide) in paragraph at lines 86--87
 [] 
 []

[55 <C:/Users/erwin/Desktop/Project/gb-doc/images/badge-page.png>]
<images/add-new-badge.png, id=245, 965.85844pt x 464.4853pt>
File: images/add-new-badge.png Graphic file (type png)

<use images/add-new-badge.png>
Package pdftex.def Info: images/add-new-badge.png used on input line 99.
(pdftex.def)             Requested size: 469.75244pt x 368.58366pt.

Overfull \hbox (36.13243pt too wide) in paragraph at lines 99--100
 [] 
 []

[56 <C:/Users/erwin/Desktop/Project/gb-doc/images/add-new-badge.png>]
<images/counters.png, id=250, 348.55219pt x 258.9675pt>
File: images/counters.png Graphic file (type png)

<use images/counters.png>
Package pdftex.def Info: images/counters.png used on input line 112.
(pdftex.def)             Requested size: 252.94647pt x 224.04726pt.
 [57 <C:/Users/erwin/Desktop/Project/gb-doc/images/counters.png>] <images/mem.p
ng, id=255, 231.86626pt x 140.02313pt>
File: images/mem.png Graphic file (type png)

<use images/mem.png>
Package pdftex.def Info: images/mem.png used on input line 125.
(pdftex.def)             Requested size: 252.94855pt x 224.04797pt.
) (C:\Users\erwin\Desktop\Project\gb-doc\conclusion.tex
[58 <C:/Users/erwin/Desktop/Project/gb-doc/images/mem.png>]
Chapter 7.
[59

]) (C:\Users\erwin\Desktop\Project\gb-doc\appendixA.tex [60] [61

] [62]
[63] [64] [65]) (C:\Users\erwin\Desktop\Project\gb-doc\appendixB.tex [66]
[67

]
LaTeX Font Info:    Try loading font information for TS1+pcrs on input line 21.

 ("C:\Program Files (x86)\MiKTeX 2.9\tex\latex\courier-scaled\ts1pcrs.fd"
File: ts1pcrs.fd 2004/07/09 font definitions for TS1/pcrs.
)
[68]) (C:\Users\erwin\Desktop\Project\gb-doc\appendixC.tex [69] [70

] [71])
(C:\Users\erwin\Desktop\Project\gb-doc\appendixD.tex [72] [73

] [74] [75]
[76] [77] [78] [79] [80] [81] [82] [83] [84] [85] [86] [87] [88] [89] [90])
(C:\Users\erwin\Desktop\Project\gb-doc\main.bbl [91] [92

]) [93]
(C:\Users\erwin\Desktop\Project\gb-doc\main.aux)

LaTeX Warning: There were undefined references.

 ) 
Here is how much of TeX's memory you used:
 10623 strings out of 493921
 187842 string characters out of 3144877
 320496 words of memory out of 3000000
 13701 multiletter control sequences out of 15000+200000
 10630 words of font info for 37 fonts, out of 3000000 for 9000
 841 hyphenation exceptions out of 8191
 42i,11n,45p,709b,1540s stack positions out of 5000i,500n,10000p,200000b,50000s
 <C:\Users\erwin\AppData\Local\MiKTeX\2.9\fonts\pk\ljfour\jknappen\ec\dpi600\
tcrm1200.pk> <C:\Users\erwin\AppData\Local\MiKTeX\2.9\fonts\pk\ljfour\jknappen\
ec\dpi600\tcrm1728.pk>{C:/Program Files (x86)/MiKTeX 2.9/fonts/enc/dvips/fontna
me/8r.enc}<C:/Program Files (x86)/MiKTeX 2.9/fonts/type1/public/amsfonts/cm/cmb
x12.pfb><C:/Program Files (x86)/MiKTeX 2.9/fonts/type1/public/amsfonts/cm/cmmi1
2.pfb><C:/Program Files (x86)/MiKTeX 2.9/fonts/type1/public/amsfonts/cm/cmr12.p
fb><C:/Program Files (x86)/MiKTeX 2.9/fonts/type1/public/amsfonts/cm/cmr17.pfb>
<C:/Program Files (x86)/MiKTeX 2.9/fonts/type1/public/amsfonts/cm/cmr9.pfb><C:/
Program Files (x86)/MiKTeX 2.9/fonts/type1/public/amsfonts/cm/cmsl12.pfb><C:/Pr
ogram Files (x86)/MiKTeX 2.9/fonts/type1/public/amsfonts/cm/cmsl9.pfb><C:/Progr
am Files (x86)/MiKTeX 2.9/fonts/type1/public/amsfonts/cm/cmsy10.pfb><C:/Program
 Files (x86)/MiKTeX 2.9/fonts/type1/public/amsfonts/cm/cmti12.pfb><C:/Program F
iles (x86)/MiKTeX 2.9/fonts/type1/urw/courier/ucrr8a.pfb>
Output written on main.pdf (105 pages, 518923 bytes).
PDF statistics:
 416 PDF objects out of 1000 (max. 8388607)
 0 named destinations out of 1000 (max. 500000)
 66 words of extra memory for PDF output out of 10000 (max. 10000000)

